Using pre-set license
Built from '2022.3/staging' branch; Version is '2022.3.10f1 (ff3792e53c62) revision 16725906'; Using compiler version '192829333'; Build Type 'Release'
OS: 'Windows 11  (10.0.22621) 64bit Core' Language: 'da' Physical Memory: 15734 MB
BatchMode: 1, IsHumanControllingUs: 0, StartBugReporterOnCrash: 0, Is64bit: 1, IsPro: 1

COMMAND LINE ARGUMENTS:
C:\Program Files\Unity\Hub\Editor\2022.3.10f1\Editor\Unity.exe
-adb2
-batchMode
-noUpm
-name
AssetImportWorker0
-projectPath
C:/Unity Games/Zombie Crasher
-logFile
Logs/AssetImportWorker0.log
-srvPort
57732
Successfully changed project path to: C:/Unity Games/Zombie Crasher
C:/Unity Games/Zombie Crasher
[UnityMemory] Configuration Parameters - Can be set up in boot.config
    "memorysetup-bucket-allocator-granularity=16"
    "memorysetup-bucket-allocator-bucket-count=8"
    "memorysetup-bucket-allocator-block-size=33554432"
    "memorysetup-bucket-allocator-block-count=8"
    "memorysetup-main-allocator-block-size=16777216"
    "memorysetup-thread-allocator-block-size=16777216"
    "memorysetup-gfx-main-allocator-block-size=16777216"
    "memorysetup-gfx-thread-allocator-block-size=16777216"
    "memorysetup-cache-allocator-block-size=4194304"
    "memorysetup-typetree-allocator-block-size=2097152"
    "memorysetup-profiler-bucket-allocator-granularity=16"
    "memorysetup-profiler-bucket-allocator-bucket-count=8"
    "memorysetup-profiler-bucket-allocator-block-size=33554432"
    "memorysetup-profiler-bucket-allocator-block-count=8"
    "memorysetup-profiler-allocator-block-size=16777216"
    "memorysetup-profiler-editor-allocator-block-size=1048576"
    "memorysetup-temp-allocator-size-main=16777216"
    "memorysetup-job-temp-allocator-block-size=2097152"
    "memorysetup-job-temp-allocator-block-size-background=1048576"
    "memorysetup-job-temp-allocator-reduction-small-platforms=262144"
    "memorysetup-allocator-temp-initial-block-size-main=262144"
    "memorysetup-allocator-temp-initial-block-size-worker=262144"
    "memorysetup-temp-allocator-size-background-worker=32768"
    "memorysetup-temp-allocator-size-job-worker=262144"
    "memorysetup-temp-allocator-size-preload-manager=33554432"
    "memorysetup-temp-allocator-size-nav-mesh-worker=65536"
    "memorysetup-temp-allocator-size-audio-worker=65536"
    "memorysetup-temp-allocator-size-cloud-worker=32768"
    "memorysetup-temp-allocator-size-gi-baking-worker=262144"
    "memorysetup-temp-allocator-size-gfx=262144"
Player connection [20128] Host "[IP] 192.168.1.66 [Port] 0 [Flags] 2 [Guid] 1049217383 [EditorId] 1049217383 [Version] 1048832 [Id] WindowsEditor(7,Renes_Baerbar) [Debug] 1 [PackageName] WindowsEditor [ProjectName] Editor" joined multi-casting on [225.0.0.222:54997]...

Player connection [20128] Host "[IP] 192.168.1.66 [Port] 0 [Flags] 2 [Guid] 1049217383 [EditorId] 1049217383 [Version] 1048832 [Id] WindowsEditor(7,Renes_Baerbar) [Debug] 1 [PackageName] WindowsEditor [ProjectName] Editor" joined alternative multi-casting on [225.0.0.222:34997]...

[Physics::Module] Initialized MultithreadedJobDispatcher with 15 workers.
Refreshing native plugins compatible for Editor in 7.25 ms, found 3 plugins.
Preloading 0 native plugins for Editor in 0.00 ms.
Initialize engine version: 2022.3.10f1 (ff3792e53c62)
[Subsystems] Discovering subsystems at path C:/Program Files/Unity/Hub/Editor/2022.3.10f1/Editor/Data/Resources/UnitySubsystems
[Subsystems] Discovering subsystems at path C:/Unity Games/Zombie Crasher/Assets
GfxDevice: creating device client; threaded=0; jobified=0
Direct3D:
    Version:  Direct3D 11.0 [level 11.1]
    Renderer: AMD Radeon(TM) Graphics (ID=0x164c)
    Vendor:   ATI
    VRAM:     7867 MB
    Driver:   31.0.12044.24003
Initialize mono
Mono path[0] = 'C:/Program Files/Unity/Hub/Editor/2022.3.10f1/Editor/Data/Managed'
Mono path[1] = 'C:/Program Files/Unity/Hub/Editor/2022.3.10f1/Editor/Data/MonoBleedingEdge/lib/mono/unityjit-win32'
Mono config path = 'C:/Program Files/Unity/Hub/Editor/2022.3.10f1/Editor/Data/MonoBleedingEdge/etc'
Using monoOptions --debugger-agent=transport=dt_socket,embedding=1,server=y,suspend=n,address=127.0.0.1:56880
Begin MonoManager ReloadAssembly
Registering precompiled unity dll's ...
Register platform support module: C:/Program Files/Unity/Hub/Editor/2022.3.10f1/Editor/Data/PlaybackEngines/AndroidPlayer/UnityEditor.Android.Extensions.dll
Register platform support module: C:/Program Files/Unity/Hub/Editor/2022.3.10f1/Editor/Data/PlaybackEngines/iOSSupport/UnityEditor.iOS.Extensions.dll
Register platform support module: C:/Program Files/Unity/Hub/Editor/2022.3.10f1/Editor/Data/PlaybackEngines/WindowsStandaloneSupport/UnityEditor.WindowsStandalone.Extensions.dll
Registered in 0.010985 seconds.
- Loaded All Assemblies, in  0.492 seconds
Native extension for WindowsStandalone target not found
[usbmuxd] Start listen thread
[usbmuxd] Listen thread started
Native extension for iOS target not found
Native extension for Android target not found
Mono: successfully reloaded assembly
- Finished resetting the current domain, in  0.364 seconds
Domain Reload Profiling: 854ms
	BeginReloadAssembly (159ms)
		ExecutionOrderSort (0ms)
		DisableScriptedObjects (0ms)
		BackupInstance (0ms)
		ReleaseScriptingObjects (0ms)
		CreateAndSetChildDomain (2ms)
	RebuildCommonClasses (45ms)
	RebuildNativeTypeToScriptingClass (13ms)
	initialDomainReloadingComplete (75ms)
	LoadAllAssembliesAndSetupDomain (198ms)
		LoadAssemblies (157ms)
		RebuildTransferFunctionScriptingTraits (0ms)
		AnalyzeDomain (194ms)
			TypeCache.Refresh (192ms)
				TypeCache.ScanAssembly (173ms)
			ScanForSourceGeneratedMonoScriptInfo (1ms)
			ResolveRequiredComponents (1ms)
	FinalizeReload (365ms)
		ReleaseScriptCaches (0ms)
		RebuildScriptCaches (0ms)
		SetupLoadedEditorAssemblies (294ms)
			LogAssemblyErrors (0ms)
			InitializePlatformSupportModulesInManaged (114ms)
			SetLoadedEditorAssemblies (6ms)
			RefreshPlugins (0ms)
			BeforeProcessingInitializeOnLoad (2ms)
			ProcessInitializeOnLoadAttributes (115ms)
			ProcessInitializeOnLoadMethodAttributes (57ms)
			AfterProcessingInitializeOnLoad (0ms)
			EditorAssembliesLoaded (0ms)
		ExecutionOrderSort2 (0ms)
		AwakeInstancesAfterBackupRestoration (0ms)
========================================================================
Worker process is ready to serve import requests
Begin MonoManager ReloadAssembly
- Loaded All Assemblies, in  0.845 seconds
Refreshing native plugins compatible for Editor in 3.17 ms, found 3 plugins.
Native extension for WindowsStandalone target not found
Native extension for iOS target not found
Native extension for Android target not found
Package Manager log level set to [2]
[Package Manager] Server::EnsureServerProcessIsRunning -- launch failed, reason: Unity was launched with the -noUpm command-line argument
[Package Manager] UpmClient::Send -- Unable to send message (not connected to UPM process).
[Package Manager] Cannot connect to Unity Package Manager local server
Mono: successfully reloaded assembly
- Finished resetting the current domain, in  0.633 seconds
Domain Reload Profiling: 1476ms
	BeginReloadAssembly (178ms)
		ExecutionOrderSort (0ms)
		DisableScriptedObjects (6ms)
		BackupInstance (0ms)
		ReleaseScriptingObjects (0ms)
		CreateAndSetChildDomain (28ms)
	RebuildCommonClasses (48ms)
	RebuildNativeTypeToScriptingClass (11ms)
	initialDomainReloadingComplete (45ms)
	LoadAllAssembliesAndSetupDomain (560ms)
		LoadAssemblies (409ms)
		RebuildTransferFunctionScriptingTraits (0ms)
		AnalyzeDomain (256ms)
			TypeCache.Refresh (230ms)
				TypeCache.ScanAssembly (207ms)
			ScanForSourceGeneratedMonoScriptInfo (19ms)
			ResolveRequiredComponents (5ms)
	FinalizeReload (633ms)
		ReleaseScriptCaches (0ms)
		RebuildScriptCaches (0ms)
		SetupLoadedEditorAssemblies (453ms)
			LogAssemblyErrors (0ms)
			InitializePlatformSupportModulesInManaged (36ms)
			SetLoadedEditorAssemblies (3ms)
			RefreshPlugins (0ms)
			BeforeProcessingInitializeOnLoad (60ms)
			ProcessInitializeOnLoadAttributes (326ms)
			ProcessInitializeOnLoadMethodAttributes (22ms)
			AfterProcessingInitializeOnLoad (6ms)
			EditorAssembliesLoaded (0ms)
		ExecutionOrderSort2 (0ms)
		AwakeInstancesAfterBackupRestoration (6ms)
Launched and connected shader compiler UnityShaderCompiler.exe after 0.07 seconds
Refreshing native plugins compatible for Editor in 3.41 ms, found 3 plugins.
Preloading 0 native plugins for Editor in 0.00 ms.
Unloading 3072 Unused Serialized files (Serialized files now loaded: 0)
Unloading 31 unused Assets / (56.4 KB). Loaded Objects now: 3541.
Memory consumption went from 121.0 MB to 121.0 MB.
Total: 6.013900 ms (FindLiveObjects: 0.508500 ms CreateObjectMapping: 0.124300 ms MarkObjects: 5.125900 ms  DeleteObjects: 0.252300 ms)

AssetImportParameters requested are different than current active one (requested -> active):
  custom:container-demuxer-ogg: 62fdf1f143b41e24485cea50d1cbac27 -> 
  custom:video-codec-MediaFoundation-h265: 746d11721c4dcdbdad8f713fa42b33f4 -> 
  custom:video-decoder-ogg-theora: a1e56fd34408186e4bbccfd4996cb3dc -> 
  custom:framework-win-MediaFoundation: 216162199b28c13a410421893ffa2e32 -> 
  custom:container-demuxer-webm: 4f35f7cbe854078d1ac9338744f61a02 -> 
  custom:container-muxer-webm: aa71ff27fc2769a1b78a27578f13a17b -> 
  custom:video-decoder-webm-vp8: 9c59270c3fd7afecdb556c50c9e8de78 -> 
  custom:AudioImporter_EditorPlatform: d09bf68614088b80899f8185d706f6e7 -> 
  custom:video-encoder-webm-vp8: eb34c28f22e8b96e1ab97ce403110664 -> 
  custom:audio-decoder-ogg-vorbis: bf7c407c2cedff20999df2af8eb42d56 -> 
  custom:audio-encoder-webm-vorbis: bf7c407c2cedff20999df2af8eb42d56 -> 
========================================================================
Received Import Request.
  Time since last request: 68514.704072 seconds.
  path: Assets/Models/Military/Models/Vehicles/apc_02_body.fbx
  artifactKey: Guid(fd6dcefd0c6f50d4ebccf676b01194d7) Importer(815301076,1909f56bfc062723c751e8b465ee728b)
Start importing Assets/Models/Military/Models/Vehicles/apc_02_body.fbx using Guid(fd6dcefd0c6f50d4ebccf676b01194d7) Importer(815301076,1909f56bfc062723c751e8b465ee728b)  -> (artifact id: '6d0d28a9ec8bb259f9be0c606d73ab2a') in 0.156551 seconds
Number of updated asset objects reloaded before import = 0
Number of asset objects unloaded after import = 22
========================================================================
Received Import Request.
  Time since last request: 0.403763 seconds.
  path: Assets/Models/Military/Models/Vehicles/armor_car_body.fbx
  artifactKey: Guid(b02fe588a4878d245b4f8eed929e4b6e) Importer(815301076,1909f56bfc062723c751e8b465ee728b)
Start importing Assets/Models/Military/Models/Vehicles/armor_car_body.fbx using Guid(b02fe588a4878d245b4f8eed929e4b6e) Importer(815301076,1909f56bfc062723c751e8b465ee728b)  -> (artifact id: 'f8ed5c4bc917e223576817e557f1169e') in 0.093900 seconds
Number of updated asset objects reloaded before import = 0
Number of asset objects unloaded after import = 37
========================================================================
Received Import Request.
  Time since last request: 0.551688 seconds.
  path: Assets/Models/Military/Models/Vehicles/attack_heli.fbx
  artifactKey: Guid(b81e75283305d504a86e0d3c88db61d5) Importer(815301076,1909f56bfc062723c751e8b465ee728b)
Start importing Assets/Models/Military/Models/Vehicles/attack_heli.fbx using Guid(b81e75283305d504a86e0d3c88db61d5) Importer(815301076,1909f56bfc062723c751e8b465ee728b)  -> (artifact id: 'daf0b61b88ab667f161b7b6615b9c3e3') in 0.138191 seconds
Number of updated asset objects reloaded before import = 0
Number of asset objects unloaded after import = 57
========================================================================
Received Import Request.
  Time since last request: 0.433854 seconds.
  path: Assets/Models/Military/Models/Vehicles/radar_unit.fbx
  artifactKey: Guid(c4da10825984cdb46b792a61fde4cdf9) Importer(815301076,1909f56bfc062723c751e8b465ee728b)
Start importing Assets/Models/Military/Models/Vehicles/radar_unit.fbx using Guid(c4da10825984cdb46b792a61fde4cdf9) Importer(815301076,1909f56bfc062723c751e8b465ee728b)  -> (artifact id: '91aaa2caec97f4ef1545612c5d1780d9') in 0.038298 seconds
Number of updated asset objects reloaded before import = 0
Number of asset objects unloaded after import = 12
========================================================================
Received Import Request.
  Time since last request: 0.426158 seconds.
  path: Assets/Models/Military/Models/Vehicles/small_heli.fbx
  artifactKey: Guid(55f59590bab21f743999d9511df4811c) Importer(815301076,1909f56bfc062723c751e8b465ee728b)
Start importing Assets/Models/Military/Models/Vehicles/small_heli.fbx using Guid(55f59590bab21f743999d9511df4811c) Importer(815301076,1909f56bfc062723c751e8b465ee728b)  -> (artifact id: 'e1e15b5f5fbcc3d8bb2441c75940816d') in 0.047509 seconds
Number of updated asset objects reloaded before import = 0
Number of asset objects unloaded after import = 17
========================================================================
Received Import Request.
  Time since last request: 0.411717 seconds.
  path: Assets/Models/Military/Models/Vehicles/tank_01_body.fbx
  artifactKey: Guid(16d71d1768bc32447876d5fd7531bb7b) Importer(815301076,1909f56bfc062723c751e8b465ee728b)
Start importing Assets/Models/Military/Models/Vehicles/tank_01_body.fbx using Guid(16d71d1768bc32447876d5fd7531bb7b) Importer(815301076,1909f56bfc062723c751e8b465ee728b)  -> (artifact id: '8ab6e0df6e7ea13b4d062454a2589d3d') in 0.059324 seconds
Number of updated asset objects reloaded before import = 0
Number of asset objects unloaded after import = 27
========================================================================
Received Import Request.
  Time since last request: 0.400570 seconds.
  path: Assets/Models/Military/Models/Vehicles/tank_02_body.fbx
  artifactKey: Guid(aca18e265d6673245927f27b8939797b) Importer(815301076,1909f56bfc062723c751e8b465ee728b)
Start importing Assets/Models/Military/Models/Vehicles/tank_02_body.fbx using Guid(aca18e265d6673245927f27b8939797b) Importer(815301076,1909f56bfc062723c751e8b465ee728b)  -> (artifact id: '63a270e9d98e987434e4fce290dc0545') in 0.088301 seconds
Number of updated asset objects reloaded before import = 0
Number of asset objects unloaded after import = 22
========================================================================
Received Import Request.
  Time since last request: 0.368404 seconds.
  path: Assets/Models/Military/Models/Vehicles/troop_car.fbx
  artifactKey: Guid(610eab5059b6337459c13c6630ba5bde) Importer(815301076,1909f56bfc062723c751e8b465ee728b)
Start importing Assets/Models/Military/Models/Vehicles/troop_car.fbx using Guid(610eab5059b6337459c13c6630ba5bde) Importer(815301076,1909f56bfc062723c751e8b465ee728b)  -> (artifact id: '13236cc65fd217b4e84f5aec22a10c66') in 0.086109 seconds
Number of updated asset objects reloaded before import = 0
Number of asset objects unloaded after import = 32
========================================================================
Received Import Request.
  Time since last request: 0.352431 seconds.
  path: Assets/Models/Military/Models/Vehicles/truck_fuel.fbx
  artifactKey: Guid(ef31d8fd833ac9f46883a19fa5adb9ae) Importer(815301076,1909f56bfc062723c751e8b465ee728b)
Start importing Assets/Models/Military/Models/Vehicles/truck_fuel.fbx using Guid(ef31d8fd833ac9f46883a19fa5adb9ae) Importer(815301076,1909f56bfc062723c751e8b465ee728b)  -> (artifact id: '6c2feb60ac208cacf2c19ab32a4a2477') in 0.050239 seconds
Number of updated asset objects reloaded before import = 0
Number of asset objects unloaded after import = 17
========================================================================
Received Import Request.
  Time since last request: 0.351700 seconds.
  path: Assets/Models/Military/Models/Vehicles/truck_troop.fbx
  artifactKey: Guid(396797ae82fd94343a265e322a96c9ae) Importer(815301076,1909f56bfc062723c751e8b465ee728b)
Start importing Assets/Models/Military/Models/Vehicles/truck_troop.fbx using Guid(396797ae82fd94343a265e322a96c9ae) Importer(815301076,1909f56bfc062723c751e8b465ee728b)  -> (artifact id: '5120d8225922938f518cbe547e22d71a') in 0.047483 seconds
Number of updated asset objects reloaded before import = 0
Number of asset objects unloaded after import = 17
========================================================================
Received Import Request.
  Time since last request: 0.362064 seconds.
  path: Assets/Models/Military/Models/Vehicles/truck_troop_02.fbx
  artifactKey: Guid(6033b78eee0c2494899326d54ca9ac35) Importer(815301076,1909f56bfc062723c751e8b465ee728b)
Start importing Assets/Models/Military/Models/Vehicles/truck_troop_02.fbx using Guid(6033b78eee0c2494899326d54ca9ac35) Importer(815301076,1909f56bfc062723c751e8b465ee728b)  -> (artifact id: 'f3336149b84de4cebc52490c32491408') in 0.052970 seconds
Number of updated asset objects reloaded before import = 0
Number of asset objects unloaded after import = 17
========================================================================
Received Import Request.
  Time since last request: 9.398073 seconds.
  path: Assets/Models/Military/Materials
  artifactKey: Guid(2245e9b57d361614b912413ac6ff58d3) Importer(815301076,1909f56bfc062723c751e8b465ee728b)
Start importing Assets/Models/Military/Materials using Guid(2245e9b57d361614b912413ac6ff58d3) Importer(815301076,1909f56bfc062723c751e8b465ee728b)  -> (artifact id: '948ac5e16506d3e10370bb32aeee6e71') in 0.000853 seconds
Number of updated asset objects reloaded before import = 0
Number of asset objects unloaded after import = 0
========================================================================
Received Import Request.
  Time since last request: 0.966294 seconds.
  path: Assets/Models/Military/Textures/Apartment_Damaged_a.png
  artifactKey: Guid(7b6484d840a0ab145be5fa45c8ee0e8c) Importer(815301076,1909f56bfc062723c751e8b465ee728b)
Start importing Assets/Models/Military/Textures/Apartment_Damaged_a.png using Guid(7b6484d840a0ab145be5fa45c8ee0e8c) Importer(815301076,1909f56bfc062723c751e8b465ee728b)  -> (artifact id: '805394fc51d565966ad8581cfdc743e6') in 0.035728 seconds
Number of updated asset objects reloaded before import = 0
Number of asset objects unloaded after import = 2
========================================================================
Received Import Request.
  Time since last request: 0.885076 seconds.
  path: Assets/Models/Military/Textures/Apc_01_b.png
  artifactKey: Guid(91d95c56c024c6a429bff689f825f32e) Importer(815301076,1909f56bfc062723c751e8b465ee728b)
Start importing Assets/Models/Military/Textures/Apc_01_b.png using Guid(91d95c56c024c6a429bff689f825f32e) Importer(815301076,1909f56bfc062723c751e8b465ee728b)  -> (artifact id: 'd2dbd25bc0b5cc1ff03fdff8a98c7d94') in 0.025047 seconds
Number of updated asset objects reloaded before import = 0
Number of asset objects unloaded after import = 2
========================================================================
Received Import Request.
  Time since last request: 4.725650 seconds.
  path: Assets/Models/Military/Prefabs/Vehicles/apc_01_a.prefab
  artifactKey: Guid(16923535714c52840a3d4a2d263e5359) Importer(815301076,1909f56bfc062723c751e8b465ee728b)
Start importing Assets/Models/Military/Prefabs/Vehicles/apc_01_a.prefab using Guid(16923535714c52840a3d4a2d263e5359) Importer(815301076,1909f56bfc062723c751e8b465ee728b)  -> (artifact id: '197f0ab5cb6ef7e840fccef0e8859432') in 0.021392 seconds
Number of updated asset objects reloaded before import = 0
Number of asset objects unloaded after import = 59
========================================================================
Received Import Request.
  Time since last request: 0.884540 seconds.
  path: Assets/Models/Military/Prefabs/Vehicles/apc_01_b.prefab
  artifactKey: Guid(78588ac03656fbf42b4073ff899b2603) Importer(815301076,1909f56bfc062723c751e8b465ee728b)
Start importing Assets/Models/Military/Prefabs/Vehicles/apc_01_b.prefab using Guid(78588ac03656fbf42b4073ff899b2603) Importer(815301076,1909f56bfc062723c751e8b465ee728b)  -> (artifact id: 'e4710587f83c26f5048cbebbe4a7e93b') in 0.028151 seconds
Number of updated asset objects reloaded before import = 0
Number of asset objects unloaded after import = 59
========================================================================
Received Import Request.
  Time since last request: 0.388853 seconds.
  path: Assets/Models/Military/Prefabs/Vehicles/apc_01_c.prefab
  artifactKey: Guid(d9981ea3bed272e43bee83ef04280429) Importer(815301076,1909f56bfc062723c751e8b465ee728b)
Start importing Assets/Models/Military/Prefabs/Vehicles/apc_01_c.prefab using Guid(d9981ea3bed272e43bee83ef04280429) Importer(815301076,1909f56bfc062723c751e8b465ee728b)  -> (artifact id: '4b13de9adfd3695b71a82466bf8b3446') in 0.018264 seconds
Number of updated asset objects reloaded before import = 0
Number of asset objects unloaded after import = 59
========================================================================
Received Import Request.
  Time since last request: 0.403143 seconds.
  path: Assets/Models/Military/Prefabs/Vehicles/apc_02_a.prefab
  artifactKey: Guid(3764f40f46fab2a40affda0d35aac14c) Importer(815301076,1909f56bfc062723c751e8b465ee728b)
Start importing Assets/Models/Military/Prefabs/Vehicles/apc_02_a.prefab using Guid(3764f40f46fab2a40affda0d35aac14c) Importer(815301076,1909f56bfc062723c751e8b465ee728b)  -> (artifact id: '09f1cffaf1f2b1ac411393a2270f65e2') in 0.019728 seconds
Number of updated asset objects reloaded before import = 0
Number of asset objects unloaded after import = 24
========================================================================
Received Import Request.
  Time since last request: 0.415699 seconds.
  path: Assets/Models/Military/Prefabs/Vehicles/apc_02_b.prefab
  artifactKey: Guid(f48214743cd06084bb4701a7dfd816fa) Importer(815301076,1909f56bfc062723c751e8b465ee728b)
Start importing Assets/Models/Military/Prefabs/Vehicles/apc_02_b.prefab using Guid(f48214743cd06084bb4701a7dfd816fa) Importer(815301076,1909f56bfc062723c751e8b465ee728b)  -> (artifact id: 'ad8eaca542e6fe8760f47923978dcebf') in 0.020972 seconds
Number of updated asset objects reloaded before import = 0
Number of asset objects unloaded after import = 24
========================================================================
Received Import Request.
  Time since last request: 0.342421 seconds.
  path: Assets/Models/Military/Prefabs/Vehicles/apc_02_c.prefab
  artifactKey: Guid(312242bef01fddb4faa2a0c00652d698) Importer(815301076,1909f56bfc062723c751e8b465ee728b)
Start importing Assets/Models/Military/Prefabs/Vehicles/apc_02_c.prefab using Guid(312242bef01fddb4faa2a0c00652d698) Importer(815301076,1909f56bfc062723c751e8b465ee728b)  -> (artifact id: '36ac9ba3a63411734794eb70163d15f1') in 0.028764 seconds
Number of updated asset objects reloaded before import = 0
Number of asset objects unloaded after import = 26
========================================================================
Received Import Request.
  Time since last request: 0.368733 seconds.
  path: Assets/Models/Military/Prefabs/Vehicles/armor_car_a.prefab
  artifactKey: Guid(dc20c88bb01f0eb479db09c7b8833bf2) Importer(815301076,1909f56bfc062723c751e8b465ee728b)
Start importing Assets/Models/Military/Prefabs/Vehicles/armor_car_a.prefab using Guid(dc20c88bb01f0eb479db09c7b8833bf2) Importer(815301076,1909f56bfc062723c751e8b465ee728b)  -> (artifact id: 'cbd70c5f189408fbc2702908bc70d463') in 0.021867 seconds
Number of updated asset objects reloaded before import = 0
Number of asset objects unloaded after import = 39
========================================================================
Received Import Request.
  Time since last request: 0.389955 seconds.
  path: Assets/Models/Military/Prefabs/Vehicles/armor_car_b.prefab
  artifactKey: Guid(1e3da4ec1182cb74f9c49f5c29576b3f) Importer(815301076,1909f56bfc062723c751e8b465ee728b)
Start importing Assets/Models/Military/Prefabs/Vehicles/armor_car_b.prefab using Guid(1e3da4ec1182cb74f9c49f5c29576b3f) Importer(815301076,1909f56bfc062723c751e8b465ee728b)  -> (artifact id: 'd6cb348954ee443d30d95872166b6c73') in 0.022112 seconds
Number of updated asset objects reloaded before import = 0
Number of asset objects unloaded after import = 39
========================================================================
Received Import Request.
  Time since last request: 0.400177 seconds.
  path: Assets/Models/Military/Prefabs/Vehicles/armor_car_c.prefab
  artifactKey: Guid(4aded212cfa921f4ab3abec0e761986e) Importer(815301076,1909f56bfc062723c751e8b465ee728b)
Start importing Assets/Models/Military/Prefabs/Vehicles/armor_car_c.prefab using Guid(4aded212cfa921f4ab3abec0e761986e) Importer(815301076,1909f56bfc062723c751e8b465ee728b)  -> (artifact id: 'ee6032499bcdc9e32199872d5b248860') in 0.018922 seconds
Number of updated asset objects reloaded before import = 0
Number of asset objects unloaded after import = 39
========================================================================
Received Import Request.
  Time since last request: 0.264345 seconds.
  path: Assets/Models/Military/Prefabs/Vehicles/attack_heli_a.prefab
  artifactKey: Guid(ef96e3ea73734ac48ab02e84dc53ce24) Importer(815301076,1909f56bfc062723c751e8b465ee728b)
Start importing Assets/Models/Military/Prefabs/Vehicles/attack_heli_a.prefab using Guid(ef96e3ea73734ac48ab02e84dc53ce24) Importer(815301076,1909f56bfc062723c751e8b465ee728b)  -> (artifact id: '73a8fedb6da1e8696faab761043ce730') in 0.021441 seconds
Number of updated asset objects reloaded before import = 0
Number of asset objects unloaded after import = 59
========================================================================
Received Import Request.
  Time since last request: 0.340696 seconds.
  path: Assets/Models/Military/Prefabs/Vehicles/attack_heli_b.prefab
  artifactKey: Guid(0c5299445fe04d24bb3eb0b4735b78db) Importer(815301076,1909f56bfc062723c751e8b465ee728b)
Start importing Assets/Models/Military/Prefabs/Vehicles/attack_heli_b.prefab using Guid(0c5299445fe04d24bb3eb0b4735b78db) Importer(815301076,1909f56bfc062723c751e8b465ee728b)  -> (artifact id: 'f746179cba6afa912fb845ca71652a02') in 0.021893 seconds
Number of updated asset objects reloaded before import = 0
Number of asset objects unloaded after import = 59
========================================================================
Received Import Request.
  Time since last request: 0.388981 seconds.
  path: Assets/Models/Military/Prefabs/Vehicles/attack_heli_c.prefab
  artifactKey: Guid(0a44908b33c3a6a42b7f0310ec5f9842) Importer(815301076,1909f56bfc062723c751e8b465ee728b)
Start importing Assets/Models/Military/Prefabs/Vehicles/attack_heli_c.prefab using Guid(0a44908b33c3a6a42b7f0310ec5f9842) Importer(815301076,1909f56bfc062723c751e8b465ee728b)  -> (artifact id: 'cd117b59b7c50aa6841a39f531b8ac74') in 0.021108 seconds
Number of updated asset objects reloaded before import = 0
Number of asset objects unloaded after import = 59
========================================================================
Received Import Request.
  Time since last request: 0.292246 seconds.
  path: Assets/Models/Military/Prefabs/Vehicles/radar_unit_a.prefab
  artifactKey: Guid(554cf14d8493202408f0d4f98f759b88) Importer(815301076,1909f56bfc062723c751e8b465ee728b)
Start importing Assets/Models/Military/Prefabs/Vehicles/radar_unit_a.prefab using Guid(554cf14d8493202408f0d4f98f759b88) Importer(815301076,1909f56bfc062723c751e8b465ee728b)  -> (artifact id: '86008427f5b94596f56faf0947b9f9a4') in 0.022046 seconds
Number of updated asset objects reloaded before import = 0
Number of asset objects unloaded after import = 14
========================================================================
Received Import Request.
  Time since last request: 0.320554 seconds.
  path: Assets/Models/Military/Prefabs/Vehicles/radar_unit_b.prefab
  artifactKey: Guid(8c5c4e72ec0d410498df2c7346fef4ca) Importer(815301076,1909f56bfc062723c751e8b465ee728b)
Start importing Assets/Models/Military/Prefabs/Vehicles/radar_unit_b.prefab using Guid(8c5c4e72ec0d410498df2c7346fef4ca) Importer(815301076,1909f56bfc062723c751e8b465ee728b)  -> (artifact id: 'ccb7995cceb014f37e911856970755a5') in 0.022191 seconds
Number of updated asset objects reloaded before import = 0
Number of asset objects unloaded after import = 14
========================================================================
Received Import Request.
  Time since last request: 0.377079 seconds.
  path: Assets/Models/Military/Prefabs/Vehicles/radar_unit_c.prefab
  artifactKey: Guid(f7cbbf598d3f06442a43a32e876d1506) Importer(815301076,1909f56bfc062723c751e8b465ee728b)
Start importing Assets/Models/Military/Prefabs/Vehicles/radar_unit_c.prefab using Guid(f7cbbf598d3f06442a43a32e876d1506) Importer(815301076,1909f56bfc062723c751e8b465ee728b)  -> (artifact id: 'd4a2efaa541e6a45ce7807ab978b1bc7') in 0.018613 seconds
Number of updated asset objects reloaded before import = 0
Number of asset objects unloaded after import = 14
========================================================================
Received Import Request.
  Time since last request: 0.436874 seconds.
  path: Assets/Models/Military/Prefabs/Vehicles/small_heli_a.prefab
  artifactKey: Guid(d18f8a18e400b4f4a880ed34037ff101) Importer(815301076,1909f56bfc062723c751e8b465ee728b)
Start importing Assets/Models/Military/Prefabs/Vehicles/small_heli_a.prefab using Guid(d18f8a18e400b4f4a880ed34037ff101) Importer(815301076,1909f56bfc062723c751e8b465ee728b)  -> (artifact id: '0dcf7a785b6da5776bacdc6e391fa44f') in 0.020899 seconds
Number of updated asset objects reloaded before import = 0
Number of asset objects unloaded after import = 19
========================================================================
Received Import Request.
  Time since last request: 0.448223 seconds.
  path: Assets/Models/Military/Prefabs/Vehicles/small_heli_b.prefab
  artifactKey: Guid(2861bbf6f05d59f48a5f3c2090df1433) Importer(815301076,1909f56bfc062723c751e8b465ee728b)
Start importing Assets/Models/Military/Prefabs/Vehicles/small_heli_b.prefab using Guid(2861bbf6f05d59f48a5f3c2090df1433) Importer(815301076,1909f56bfc062723c751e8b465ee728b)  -> (artifact id: '247c23abf3a43c8f55af98dffa5ef859') in 0.020113 seconds
Number of updated asset objects reloaded before import = 0
Number of asset objects unloaded after import = 19
========================================================================
Received Import Request.
  Time since last request: 3.216010 seconds.
  path: Assets/Models/Military/Prefabs/Vehicles/tank_01_c.prefab
  artifactKey: Guid(11b559712dc716e43ba3b12f09c64572) Importer(815301076,1909f56bfc062723c751e8b465ee728b)
Start importing Assets/Models/Military/Prefabs/Vehicles/tank_01_c.prefab using Guid(11b559712dc716e43ba3b12f09c64572) Importer(815301076,1909f56bfc062723c751e8b465ee728b)  -> (artifact id: '4f26a62f832459446db193f9d077cbfb') in 0.022139 seconds
Number of updated asset objects reloaded before import = 0
Number of asset objects unloaded after import = 29
========================================================================
Received Import Request.
  Time since last request: 0.271810 seconds.
  path: Assets/Models/Military/Prefabs/Vehicles/tank_02_a.prefab
  artifactKey: Guid(e29b08ecc4d00ac4ea7de0390b06452d) Importer(815301076,1909f56bfc062723c751e8b465ee728b)
Start importing Assets/Models/Military/Prefabs/Vehicles/tank_02_a.prefab using Guid(e29b08ecc4d00ac4ea7de0390b06452d) Importer(815301076,1909f56bfc062723c751e8b465ee728b)  -> (artifact id: '42eeb7dcaf31bc427f8bef7475fd0bff') in 0.028755 seconds
Number of updated asset objects reloaded before import = 0
Number of asset objects unloaded after import = 24
========================================================================
Received Import Request.
  Time since last request: 0.360897 seconds.
  path: Assets/Models/Military/Prefabs/Vehicles/tank_02_b.prefab
  artifactKey: Guid(a36779319c808c140bbff8ca86e1b5cc) Importer(815301076,1909f56bfc062723c751e8b465ee728b)
Start importing Assets/Models/Military/Prefabs/Vehicles/tank_02_b.prefab using Guid(a36779319c808c140bbff8ca86e1b5cc) Importer(815301076,1909f56bfc062723c751e8b465ee728b)  -> (artifact id: '8fbb1057de3423559a102aeac1744cb5') in 0.022874 seconds
Number of updated asset objects reloaded before import = 0
Number of asset objects unloaded after import = 24
========================================================================
Received Import Request.
  Time since last request: 0.446098 seconds.
  path: Assets/Models/Military/Prefabs/Vehicles/tank_02_c.prefab
  artifactKey: Guid(78512cd8eed0fd84d8844bdbe121a625) Importer(815301076,1909f56bfc062723c751e8b465ee728b)
Start importing Assets/Models/Military/Prefabs/Vehicles/tank_02_c.prefab using Guid(78512cd8eed0fd84d8844bdbe121a625) Importer(815301076,1909f56bfc062723c751e8b465ee728b)  -> (artifact id: 'e89cd1625f5ce54e9c4d8772a5321fab') in 0.022468 seconds
Number of updated asset objects reloaded before import = 0
Number of asset objects unloaded after import = 24
========================================================================
Received Import Request.
  Time since last request: 0.326534 seconds.
  path: Assets/Models/Military/Prefabs/Vehicles/troop_car_a.prefab
  artifactKey: Guid(b967a221e8d0cee4d84b5a2eebd8814c) Importer(815301076,1909f56bfc062723c751e8b465ee728b)
Start importing Assets/Models/Military/Prefabs/Vehicles/troop_car_a.prefab using Guid(b967a221e8d0cee4d84b5a2eebd8814c) Importer(815301076,1909f56bfc062723c751e8b465ee728b)  -> (artifact id: '75b12ccd29e7e73f515448453f8d652b') in 0.025976 seconds
Number of updated asset objects reloaded before import = 0
Number of asset objects unloaded after import = 34
========================================================================
Received Import Request.
  Time since last request: 0.250824 seconds.
  path: Assets/Models/Military/Prefabs/Vehicles/troop_car_b.prefab
  artifactKey: Guid(75a30b474bd763e4bbdd1a6682411343) Importer(815301076,1909f56bfc062723c751e8b465ee728b)
Start importing Assets/Models/Military/Prefabs/Vehicles/troop_car_b.prefab using Guid(75a30b474bd763e4bbdd1a6682411343) Importer(815301076,1909f56bfc062723c751e8b465ee728b)  -> (artifact id: '37815aae8c93ea9ba5de0d31802a34ef') in 0.022081 seconds
Number of updated asset objects reloaded before import = 0
Number of asset objects unloaded after import = 34
========================================================================
Received Import Request.
  Time since last request: 0.346604 seconds.
  path: Assets/Models/Military/Prefabs/Vehicles/troop_car_c.prefab
  artifactKey: Guid(e28653fd6db76db4b9bbb68f33e6f38d) Importer(815301076,1909f56bfc062723c751e8b465ee728b)
Start importing Assets/Models/Military/Prefabs/Vehicles/troop_car_c.prefab using Guid(e28653fd6db76db4b9bbb68f33e6f38d) Importer(815301076,1909f56bfc062723c751e8b465ee728b)  -> (artifact id: 'e9dcd419a8e0091b5e9680560d1a61ba') in 0.023178 seconds
Number of updated asset objects reloaded before import = 0
Number of asset objects unloaded after import = 34
========================================================================
Received Import Request.
  Time since last request: 0.307139 seconds.
  path: Assets/Models/Military/Prefabs/Vehicles/truck_fuel_a.prefab
  artifactKey: Guid(5efd62e7fbd44ad4da9ed37e4f4b8635) Importer(815301076,1909f56bfc062723c751e8b465ee728b)
Start importing Assets/Models/Military/Prefabs/Vehicles/truck_fuel_a.prefab using Guid(5efd62e7fbd44ad4da9ed37e4f4b8635) Importer(815301076,1909f56bfc062723c751e8b465ee728b)  -> (artifact id: '67aefaf8f7de26b34d453ff58d095817') in 0.022626 seconds
Number of updated asset objects reloaded before import = 0
Number of asset objects unloaded after import = 19
========================================================================
Received Import Request.
  Time since last request: 0.262239 seconds.
  path: Assets/Models/Military/Prefabs/Vehicles/truck_fuel_b.prefab
  artifactKey: Guid(aace8f73e0d0a0c4da64d0df03cc0fa6) Importer(815301076,1909f56bfc062723c751e8b465ee728b)
Start importing Assets/Models/Military/Prefabs/Vehicles/truck_fuel_b.prefab using Guid(aace8f73e0d0a0c4da64d0df03cc0fa6) Importer(815301076,1909f56bfc062723c751e8b465ee728b)  -> (artifact id: '37d1eb7a2f01b7929380e4bb457644e3') in 0.022109 seconds
Number of updated asset objects reloaded before import = 0
Number of asset objects unloaded after import = 19
========================================================================
Received Import Request.
  Time since last request: 0.313810 seconds.
  path: Assets/Models/Military/Prefabs/Vehicles/truck_fuel_c.prefab
  artifactKey: Guid(5ac3263cae013a04588ae10f937c3ee3) Importer(815301076,1909f56bfc062723c751e8b465ee728b)
Start importing Assets/Models/Military/Prefabs/Vehicles/truck_fuel_c.prefab using Guid(5ac3263cae013a04588ae10f937c3ee3) Importer(815301076,1909f56bfc062723c751e8b465ee728b)  -> (artifact id: '7e7281e62ae51938350c8b0cffdbec14') in 0.021052 seconds
Number of updated asset objects reloaded before import = 0
Number of asset objects unloaded after import = 19
========================================================================
Received Import Request.
  Time since last request: 0.224423 seconds.
  path: Assets/Models/Military/Prefabs/Vehicles/truck_troop_02_a.prefab
  artifactKey: Guid(75e860cc51dc4cb48a693fc806fc3918) Importer(815301076,1909f56bfc062723c751e8b465ee728b)
Start importing Assets/Models/Military/Prefabs/Vehicles/truck_troop_02_a.prefab using Guid(75e860cc51dc4cb48a693fc806fc3918) Importer(815301076,1909f56bfc062723c751e8b465ee728b)  -> (artifact id: '3fe41dffb5fed98f07d0f3f609c1686f') in 0.030684 seconds
Number of updated asset objects reloaded before import = 0
Number of asset objects unloaded after import = 19
========================================================================
Received Import Request.
  Time since last request: 0.180019 seconds.
  path: Assets/Models/Military/Prefabs/Vehicles/truck_troop_02_b.prefab
  artifactKey: Guid(b06455aa5911e7f4da9d9b12c3228232) Importer(815301076,1909f56bfc062723c751e8b465ee728b)
Start importing Assets/Models/Military/Prefabs/Vehicles/truck_troop_02_b.prefab using Guid(b06455aa5911e7f4da9d9b12c3228232) Importer(815301076,1909f56bfc062723c751e8b465ee728b)  -> (artifact id: '89bb9828385314817196f5db68fa31f3') in 0.021914 seconds
Number of updated asset objects reloaded before import = 0
Number of asset objects unloaded after import = 19
========================================================================
Received Import Request.
  Time since last request: 0.178255 seconds.
  path: Assets/Models/Military/Prefabs/Vehicles/truck_troop_02_c.prefab
  artifactKey: Guid(0e34577da2edb034e85996d04164266e) Importer(815301076,1909f56bfc062723c751e8b465ee728b)
Start importing Assets/Models/Military/Prefabs/Vehicles/truck_troop_02_c.prefab using Guid(0e34577da2edb034e85996d04164266e) Importer(815301076,1909f56bfc062723c751e8b465ee728b)  -> (artifact id: 'cb02db710dbe6dc835f516454c96ce5a') in 0.022580 seconds
Number of updated asset objects reloaded before import = 0
Number of asset objects unloaded after import = 19
========================================================================
Received Import Request.
  Time since last request: 0.173798 seconds.
  path: Assets/Models/Military/Prefabs/Vehicles/truck_troop_a.prefab
  artifactKey: Guid(193e99204fc00b6439053d33e494c3b9) Importer(815301076,1909f56bfc062723c751e8b465ee728b)
Start importing Assets/Models/Military/Prefabs/Vehicles/truck_troop_a.prefab using Guid(193e99204fc00b6439053d33e494c3b9) Importer(815301076,1909f56bfc062723c751e8b465ee728b)  -> (artifact id: 'f12341727171ac9ce4b7d21e5c2c6873') in 0.019092 seconds
Number of updated asset objects reloaded before import = 0
Number of asset objects unloaded after import = 19
========================================================================
Received Import Request.
  Time since last request: 0.178698 seconds.
  path: Assets/Models/Military/Prefabs/Vehicles/truck_troop_b.prefab
  artifactKey: Guid(7948ded7b61599e4bb66879e60a0eb83) Importer(815301076,1909f56bfc062723c751e8b465ee728b)
Start importing Assets/Models/Military/Prefabs/Vehicles/truck_troop_b.prefab using Guid(7948ded7b61599e4bb66879e60a0eb83) Importer(815301076,1909f56bfc062723c751e8b465ee728b)  -> (artifact id: '0fc9c5e70ffefa17a39cd466508a3e19') in 0.027561 seconds
Number of updated asset objects reloaded before import = 0
Number of asset objects unloaded after import = 19
========================================================================
Received Import Request.
  Time since last request: 0.185164 seconds.
  path: Assets/Models/Military/Prefabs/Vehicles/truck_troop_c.prefab
  artifactKey: Guid(934f6bb7bed57e04a82ab591da8cf278) Importer(815301076,1909f56bfc062723c751e8b465ee728b)
Start importing Assets/Models/Military/Prefabs/Vehicles/truck_troop_c.prefab using Guid(934f6bb7bed57e04a82ab591da8cf278) Importer(815301076,1909f56bfc062723c751e8b465ee728b)  -> (artifact id: 'b04522803b93414bebf32489ea040526') in 0.019459 seconds
Number of updated asset objects reloaded before import = 0
Number of asset objects unloaded after import = 19
========================================================================
Received Import Request.
  Time since last request: 23.871553 seconds.
  path: Assets/Models/Zombies
  artifactKey: Guid(e50dc8671c7533d40bbf8abbb38f837d) Importer(815301076,1909f56bfc062723c751e8b465ee728b)
Start importing Assets/Models/Zombies using Guid(e50dc8671c7533d40bbf8abbb38f837d) Importer(815301076,1909f56bfc062723c751e8b465ee728b)  -> (artifact id: '5f3bdf4db4f87be86b135ae271af226f') in 0.000784 seconds
Number of updated asset objects reloaded before import = 0
Number of asset objects unloaded after import = 0
========================================================================
Received Import Request.
  Time since last request: 1.240317 seconds.
  path: Assets/Models/Zombies/Prefabs
  artifactKey: Guid(760222720b8c47d42b14524654ae6032) Importer(815301076,1909f56bfc062723c751e8b465ee728b)
Start importing Assets/Models/Zombies/Prefabs using Guid(760222720b8c47d42b14524654ae6032) Importer(815301076,1909f56bfc062723c751e8b465ee728b)  -> (artifact id: 'd594f82695ebbef9630bfa3ac9e846e5') in 0.000776 seconds
Number of updated asset objects reloaded before import = 0
Number of asset objects unloaded after import = 0
========================================================================
Received Import Request.
  Time since last request: 1.100556 seconds.
  path: Assets/Models/Zombies/Prefabs/SimpleZombies_01_Green.prefab
  artifactKey: Guid(0370ef2c25601f44b82fdadb9df62dd8) Importer(815301076,1909f56bfc062723c751e8b465ee728b)
Start importing Assets/Models/Zombies/Prefabs/SimpleZombies_01_Green.prefab using Guid(0370ef2c25601f44b82fdadb9df62dd8) Importer(815301076,1909f56bfc062723c751e8b465ee728b)  -> (artifact id: 'e8e9dfd28a4d083ce1ac2b816130a365') in 0.049986 seconds
Number of updated asset objects reloaded before import = 0
Number of asset objects unloaded after import = 213
========================================================================
Received Import Request.
  Time since last request: 0.815003 seconds.
  path: Assets/Models/Zombies/Prefabs/SimpleZombies_01_Blue.prefab
  artifactKey: Guid(72f453114593d924c8de9246042c4638) Importer(815301076,1909f56bfc062723c751e8b465ee728b)
Start importing Assets/Models/Zombies/Prefabs/SimpleZombies_01_Blue.prefab using Guid(72f453114593d924c8de9246042c4638) Importer(815301076,1909f56bfc062723c751e8b465ee728b)  -> (artifact id: '9177937025c39ef2b9975e8f0834ea08') in 0.060921 seconds
Number of updated asset objects reloaded before import = 0
Number of asset objects unloaded after import = 213
========================================================================
Received Import Request.
  Time since last request: 0.548713 seconds.
  path: Assets/Models/Zombies/Prefabs/SimpleZombies_01_Grey.prefab
  artifactKey: Guid(5e1170498f1a68a4bb6c553bf32aae46) Importer(815301076,1909f56bfc062723c751e8b465ee728b)
Start importing Assets/Models/Zombies/Prefabs/SimpleZombies_01_Grey.prefab using Guid(5e1170498f1a68a4bb6c553bf32aae46) Importer(815301076,1909f56bfc062723c751e8b465ee728b)  -> (artifact id: '796509bc8eb8ec3a361922dacaedd9d0') in 0.053433 seconds
Number of updated asset objects reloaded before import = 0
Number of asset objects unloaded after import = 213
========================================================================
Received Import Request.
  Time since last request: 0.170143 seconds.
  path: Assets/Models/Zombies/Prefabs/SimpleZombies_02_Blue.prefab
  artifactKey: Guid(41639e412348f5848a893e2b6a87a9d4) Importer(815301076,1909f56bfc062723c751e8b465ee728b)
Start importing Assets/Models/Zombies/Prefabs/SimpleZombies_02_Blue.prefab using Guid(41639e412348f5848a893e2b6a87a9d4) Importer(815301076,1909f56bfc062723c751e8b465ee728b)  -> (artifact id: 'f08fc2c3684efcfcd2ca7413cde3bcfb') in 0.044659 seconds
Number of updated asset objects reloaded before import = 0
Number of asset objects unloaded after import = 213
========================================================================
Received Import Request.
  Time since last request: 0.157950 seconds.
  path: Assets/Models/Zombies/Prefabs/SimpleZombies_02_Green.prefab
  artifactKey: Guid(5457d38a52a140b41adc0f7dac2869f9) Importer(815301076,1909f56bfc062723c751e8b465ee728b)
Start importing Assets/Models/Zombies/Prefabs/SimpleZombies_02_Green.prefab using Guid(5457d38a52a140b41adc0f7dac2869f9) Importer(815301076,1909f56bfc062723c751e8b465ee728b)  -> (artifact id: '9bb0fb73e8dbd327ba20d60901efc40c') in 0.049451 seconds
Number of updated asset objects reloaded before import = 0
Number of asset objects unloaded after import = 213
========================================================================
Received Import Request.
  Time since last request: 0.148788 seconds.
  path: Assets/Models/Zombies/Prefabs/SimpleZombies_02_Grey.prefab
  artifactKey: Guid(1a58669c88d9b4c4d8ba56ddae5245ee) Importer(815301076,1909f56bfc062723c751e8b465ee728b)
Start importing Assets/Models/Zombies/Prefabs/SimpleZombies_02_Grey.prefab using Guid(1a58669c88d9b4c4d8ba56ddae5245ee) Importer(815301076,1909f56bfc062723c751e8b465ee728b)  -> (artifact id: '53b7dd782cad20f3561f33c17f3f3e90') in 0.027456 seconds
Number of updated asset objects reloaded before import = 0
Number of asset objects unloaded after import = 213
========================================================================
Received Import Request.
  Time since last request: 0.144391 seconds.
  path: Assets/Models/Zombies/Prefabs/SimpleZombies_03_Blue.prefab
  artifactKey: Guid(fa1ca881135b8124cb5795f8b13489af) Importer(815301076,1909f56bfc062723c751e8b465ee728b)
Start importing Assets/Models/Zombies/Prefabs/SimpleZombies_03_Blue.prefab using Guid(fa1ca881135b8124cb5795f8b13489af) Importer(815301076,1909f56bfc062723c751e8b465ee728b)  -> (artifact id: '9d2b698fb7b7363c28ee41be8f83a53d') in 0.050485 seconds
Number of updated asset objects reloaded before import = 0
Number of asset objects unloaded after import = 213
========================================================================
Received Import Request.
  Time since last request: 0.107560 seconds.
  path: Assets/Models/Zombies/Prefabs/SimpleZombies_03_Green.prefab
  artifactKey: Guid(a5a278e6c272ae145a2994ec66461e6a) Importer(815301076,1909f56bfc062723c751e8b465ee728b)
Start importing Assets/Models/Zombies/Prefabs/SimpleZombies_03_Green.prefab using Guid(a5a278e6c272ae145a2994ec66461e6a) Importer(815301076,1909f56bfc062723c751e8b465ee728b)  -> (artifact id: 'dec02bd01b922886ea2f4989a126cc1a') in 0.043199 seconds
Number of updated asset objects reloaded before import = 0
Number of asset objects unloaded after import = 213
========================================================================
Received Import Request.
  Time since last request: 0.138722 seconds.
  path: Assets/Models/Zombies/Prefabs/SimpleZombies_03_Grey.prefab
  artifactKey: Guid(ada08997cf2ae814ca623d2386def76a) Importer(815301076,1909f56bfc062723c751e8b465ee728b)
Start importing Assets/Models/Zombies/Prefabs/SimpleZombies_03_Grey.prefab using Guid(ada08997cf2ae814ca623d2386def76a) Importer(815301076,1909f56bfc062723c751e8b465ee728b)  -> (artifact id: '1e2aaab94733775ddec1fb39607eb2ce') in 0.047270 seconds
Number of updated asset objects reloaded before import = 0
Number of asset objects unloaded after import = 213
========================================================================
Received Import Request.
  Time since last request: 0.196156 seconds.
  path: Assets/Models/Zombies/Prefabs/SimpleZombies_BeachBabe_Blue.prefab
  artifactKey: Guid(3976d656301ac88458354aff5e0bef56) Importer(815301076,1909f56bfc062723c751e8b465ee728b)
Start importing Assets/Models/Zombies/Prefabs/SimpleZombies_BeachBabe_Blue.prefab using Guid(3976d656301ac88458354aff5e0bef56) Importer(815301076,1909f56bfc062723c751e8b465ee728b)  -> (artifact id: 'be6bf93f63918b67c70384e53ca92d88') in 0.059870 seconds
Number of updated asset objects reloaded before import = 0
Number of asset objects unloaded after import = 213
========================================================================
Received Import Request.
  Time since last request: 0.116107 seconds.
  path: Assets/Models/Zombies/Prefabs/SimpleZombies_BeachBabe_Green.prefab
  artifactKey: Guid(cd6904cc5925dc3439481b8f40b32e3b) Importer(815301076,1909f56bfc062723c751e8b465ee728b)
Start importing Assets/Models/Zombies/Prefabs/SimpleZombies_BeachBabe_Green.prefab using Guid(cd6904cc5925dc3439481b8f40b32e3b) Importer(815301076,1909f56bfc062723c751e8b465ee728b)  -> (artifact id: '2fc2a5624ef30b3398abc7fed7e41df1') in 0.050022 seconds
Number of updated asset objects reloaded before import = 0
Number of asset objects unloaded after import = 213
========================================================================
Received Import Request.
  Time since last request: 0.126946 seconds.
  path: Assets/Models/Zombies/Prefabs/SimpleZombies_BeachBabe_Grey.prefab
  artifactKey: Guid(3e6cf4cb8406f94499635a0e4a34ef1a) Importer(815301076,1909f56bfc062723c751e8b465ee728b)
Start importing Assets/Models/Zombies/Prefabs/SimpleZombies_BeachBabe_Grey.prefab using Guid(3e6cf4cb8406f94499635a0e4a34ef1a) Importer(815301076,1909f56bfc062723c751e8b465ee728b)  -> (artifact id: '0cd9ef53a15f26da5adfeedbbe8f4a59') in 0.047233 seconds
Number of updated asset objects reloaded before import = 0
Number of asset objects unloaded after import = 213
========================================================================
Received Import Request.
  Time since last request: 0.132268 seconds.
  path: Assets/Models/Zombies/Prefabs/SimpleZombies_BusinessMan_Blue.prefab
  artifactKey: Guid(44d64d93567377c44950d51ed27a9c39) Importer(815301076,1909f56bfc062723c751e8b465ee728b)
Start importing Assets/Models/Zombies/Prefabs/SimpleZombies_BusinessMan_Blue.prefab using Guid(44d64d93567377c44950d51ed27a9c39) Importer(815301076,1909f56bfc062723c751e8b465ee728b)  -> (artifact id: '2f8fdadfdf691a8d07a59db7d750e59c') in 0.043010 seconds
Number of updated asset objects reloaded before import = 0
Number of asset objects unloaded after import = 213
========================================================================
Received Import Request.
  Time since last request: 0.121587 seconds.
  path: Assets/Models/Zombies/Prefabs/SimpleZombies_BusinessMan_Green.prefab
  artifactKey: Guid(3eaad1cdba1fe884fbec003e3c3ef784) Importer(815301076,1909f56bfc062723c751e8b465ee728b)
Start importing Assets/Models/Zombies/Prefabs/SimpleZombies_BusinessMan_Green.prefab using Guid(3eaad1cdba1fe884fbec003e3c3ef784) Importer(815301076,1909f56bfc062723c751e8b465ee728b)  -> (artifact id: '1249ea034b0e50c6fb44733a7dd971d9') in 0.049480 seconds
Number of updated asset objects reloaded before import = 0
Number of asset objects unloaded after import = 213
========================================================================
Received Import Request.
  Time since last request: 0.127103 seconds.
  path: Assets/Models/Zombies/Prefabs/SimpleZombies_BusinessMan_Grey.prefab
  artifactKey: Guid(f42b71589b9527d4f9b5063b3851b3aa) Importer(815301076,1909f56bfc062723c751e8b465ee728b)
Start importing Assets/Models/Zombies/Prefabs/SimpleZombies_BusinessMan_Grey.prefab using Guid(f42b71589b9527d4f9b5063b3851b3aa) Importer(815301076,1909f56bfc062723c751e8b465ee728b)  -> (artifact id: 'c933b5b9a4b4b69a73ca0f0e45ea7da7') in 0.054770 seconds
Number of updated asset objects reloaded before import = 0
Number of asset objects unloaded after import = 213
========================================================================
Received Import Request.
  Time since last request: 0.119212 seconds.
  path: Assets/Models/Zombies/Prefabs/SimpleZombies_Nazi_Blue.prefab
  artifactKey: Guid(f97bc252a35c5f54cac4b35464022ade) Importer(815301076,1909f56bfc062723c751e8b465ee728b)
Start importing Assets/Models/Zombies/Prefabs/SimpleZombies_Nazi_Blue.prefab using Guid(f97bc252a35c5f54cac4b35464022ade) Importer(815301076,1909f56bfc062723c751e8b465ee728b)  -> (artifact id: '12a718c302cd4718b2f1c67439b7b434') in 0.047380 seconds
Number of updated asset objects reloaded before import = 0
Number of asset objects unloaded after import = 213
========================================================================
Received Import Request.
  Time since last request: 0.147655 seconds.
  path: Assets/Models/Zombies/Prefabs/SimpleZombies_Nazi_Green.prefab
  artifactKey: Guid(854dd028a9ef832429e653c1d2b48ff8) Importer(815301076,1909f56bfc062723c751e8b465ee728b)
Start importing Assets/Models/Zombies/Prefabs/SimpleZombies_Nazi_Green.prefab using Guid(854dd028a9ef832429e653c1d2b48ff8) Importer(815301076,1909f56bfc062723c751e8b465ee728b)  -> (artifact id: '0f158860564f01ef1003f61d1a77ab1a') in 0.045333 seconds
Number of updated asset objects reloaded before import = 0
Number of asset objects unloaded after import = 213
========================================================================
Received Import Request.
  Time since last request: 0.135255 seconds.
  path: Assets/Models/Zombies/Prefabs/SimpleZombies_Nazi_Grey.prefab
  artifactKey: Guid(b139ba21f7a2e994da195c4d44342a5a) Importer(815301076,1909f56bfc062723c751e8b465ee728b)
Start importing Assets/Models/Zombies/Prefabs/SimpleZombies_Nazi_Grey.prefab using Guid(b139ba21f7a2e994da195c4d44342a5a) Importer(815301076,1909f56bfc062723c751e8b465ee728b)  -> (artifact id: 'bc6767eb2663beccb9e21c5d89394f28') in 0.045177 seconds
Number of updated asset objects reloaded before import = 0
Number of asset objects unloaded after import = 213
========================================================================
Received Import Request.
  Time since last request: 0.166125 seconds.
  path: Assets/Models/Zombies/Prefabs/SimpleZombies_Police_Blue.prefab
  artifactKey: Guid(196b072224155ee4387a5981df69ce19) Importer(815301076,1909f56bfc062723c751e8b465ee728b)
Start importing Assets/Models/Zombies/Prefabs/SimpleZombies_Police_Blue.prefab using Guid(196b072224155ee4387a5981df69ce19) Importer(815301076,1909f56bfc062723c751e8b465ee728b)  -> (artifact id: '2a847a81954e0aa238c7d224e5dea919') in 0.043018 seconds
Number of updated asset objects reloaded before import = 0
Number of asset objects unloaded after import = 215
========================================================================
Received Import Request.
  Time since last request: 4.466676 seconds.
  path: Assets/Models/Zombies/Prefabs/SimpleZombies_Police_Green.prefab
  artifactKey: Guid(465d3afd985ad7f4a92166553a637975) Importer(815301076,1909f56bfc062723c751e8b465ee728b)
Start importing Assets/Models/Zombies/Prefabs/SimpleZombies_Police_Green.prefab using Guid(465d3afd985ad7f4a92166553a637975) Importer(815301076,1909f56bfc062723c751e8b465ee728b)  -> (artifact id: '80a9af865c9672237d3f6561aa50a4ca') in 0.053527 seconds
Number of updated asset objects reloaded before import = 0
Number of asset objects unloaded after import = 215
========================================================================
Received Import Request.
  Time since last request: 0.181618 seconds.
  path: Assets/Models/Zombies/Prefabs/SimpleZombies_Police_Grey.prefab
  artifactKey: Guid(53e3c0fc881848f48a9543e65eb52467) Importer(815301076,1909f56bfc062723c751e8b465ee728b)
Start importing Assets/Models/Zombies/Prefabs/SimpleZombies_Police_Grey.prefab using Guid(53e3c0fc881848f48a9543e65eb52467) Importer(815301076,1909f56bfc062723c751e8b465ee728b)  -> (artifact id: '7641adea313a9e72828d7c0231c11e5a') in 0.047406 seconds
Number of updated asset objects reloaded before import = 0
Number of asset objects unloaded after import = 215
========================================================================
Received Import Request.
  Time since last request: 7.374884 seconds.
  path: Assets/Models/Zombies/Prefabs/SimpleZombies_Punk_Blue.prefab
  artifactKey: Guid(be9dcebf65cae7b4487f0a95bcc59ae3) Importer(815301076,1909f56bfc062723c751e8b465ee728b)
Start importing Assets/Models/Zombies/Prefabs/SimpleZombies_Punk_Blue.prefab using Guid(be9dcebf65cae7b4487f0a95bcc59ae3) Importer(815301076,1909f56bfc062723c751e8b465ee728b)  -> (artifact id: 'bd717383798f28884fe6cf339a53b20f') in 0.045656 seconds
Number of updated asset objects reloaded before import = 0
Number of asset objects unloaded after import = 217
========================================================================
Received Import Request.
  Time since last request: 0.116601 seconds.
  path: Assets/Models/Zombies/Prefabs/SimpleZombies_Punk_Green.prefab
  artifactKey: Guid(c12f0a06b3b08154da93bf64f4e7cbdf) Importer(815301076,1909f56bfc062723c751e8b465ee728b)
Start importing Assets/Models/Zombies/Prefabs/SimpleZombies_Punk_Green.prefab using Guid(c12f0a06b3b08154da93bf64f4e7cbdf) Importer(815301076,1909f56bfc062723c751e8b465ee728b)  -> (artifact id: '8239be06a47cdb5ed07086bdcecb55de') in 0.053106 seconds
Number of updated asset objects reloaded before import = 0
Number of asset objects unloaded after import = 217
========================================================================
Received Import Request.
  Time since last request: 0.136168 seconds.
  path: Assets/Models/Zombies/Prefabs/SimpleZombies_Punk_Grey.prefab
  artifactKey: Guid(f07f7d8b345496d4e87991696a7176ab) Importer(815301076,1909f56bfc062723c751e8b465ee728b)
Start importing Assets/Models/Zombies/Prefabs/SimpleZombies_Punk_Grey.prefab using Guid(f07f7d8b345496d4e87991696a7176ab) Importer(815301076,1909f56bfc062723c751e8b465ee728b)  -> (artifact id: '1221454fc1682921758b7833ccc9f316') in 0.048200 seconds
Number of updated asset objects reloaded before import = 0
Number of asset objects unloaded after import = 217
========================================================================
Received Import Request.
  Time since last request: 0.151015 seconds.
  path: Assets/Models/Zombies/Prefabs/SimpleZombies_RiotCop_Blue.prefab
  artifactKey: Guid(9aaeb12063edd8342a0d99caf8a291c8) Importer(815301076,1909f56bfc062723c751e8b465ee728b)
Start importing Assets/Models/Zombies/Prefabs/SimpleZombies_RiotCop_Blue.prefab using Guid(9aaeb12063edd8342a0d99caf8a291c8) Importer(815301076,1909f56bfc062723c751e8b465ee728b)  -> (artifact id: '16ba19a81580bfcf658ead6e49002da9') in 0.054728 seconds
Number of updated asset objects reloaded before import = 0
Number of asset objects unloaded after import = 219
========================================================================
Received Import Request.
  Time since last request: 0.129166 seconds.
  path: Assets/Models/Zombies/Prefabs/SimpleZombies_RiotCop_Green.prefab
  artifactKey: Guid(37cbb1972f28c0246a47e4701c4e5bb2) Importer(815301076,1909f56bfc062723c751e8b465ee728b)
Start importing Assets/Models/Zombies/Prefabs/SimpleZombies_RiotCop_Green.prefab using Guid(37cbb1972f28c0246a47e4701c4e5bb2) Importer(815301076,1909f56bfc062723c751e8b465ee728b)  -> (artifact id: '63d7af42834b3373ea4c9a974507a5bf') in 0.050696 seconds
Number of updated asset objects reloaded before import = 0
Number of asset objects unloaded after import = 219
========================================================================
Received Import Request.
  Time since last request: 0.166593 seconds.
  path: Assets/Models/Zombies/Prefabs/SimpleZombies_RiotCop_Grey.prefab
  artifactKey: Guid(09957534c99b5c04db928f3779f17657) Importer(815301076,1909f56bfc062723c751e8b465ee728b)
Start importing Assets/Models/Zombies/Prefabs/SimpleZombies_RiotCop_Grey.prefab using Guid(09957534c99b5c04db928f3779f17657) Importer(815301076,1909f56bfc062723c751e8b465ee728b)  -> (artifact id: 'b13d14e6bd7709a7ae72d1135a6cacd4') in 0.044074 seconds
Number of updated asset objects reloaded before import = 0
Number of asset objects unloaded after import = 219
========================================================================
Received Import Request.
  Time since last request: 0.201853 seconds.
  path: Assets/Models/Zombies/Prefabs/SimpleZombies_Sherif_Blue.prefab
  artifactKey: Guid(ee8dbad1aa4819f4193611aeba7a881a) Importer(815301076,1909f56bfc062723c751e8b465ee728b)
Start importing Assets/Models/Zombies/Prefabs/SimpleZombies_Sherif_Blue.prefab using Guid(ee8dbad1aa4819f4193611aeba7a881a) Importer(815301076,1909f56bfc062723c751e8b465ee728b)  -> (artifact id: 'eb4bea9e414d7cfcc376cc0e90d0b2df') in 0.046582 seconds
Number of updated asset objects reloaded before import = 0
Number of asset objects unloaded after import = 221
========================================================================
Received Import Request.
  Time since last request: 0.135722 seconds.
  path: Assets/Models/Zombies/Prefabs/SimpleZombies_Sherif_Green.prefab
  artifactKey: Guid(647813f4e47bf604297a871aa0cc3514) Importer(815301076,1909f56bfc062723c751e8b465ee728b)
Start importing Assets/Models/Zombies/Prefabs/SimpleZombies_Sherif_Green.prefab using Guid(647813f4e47bf604297a871aa0cc3514) Importer(815301076,1909f56bfc062723c751e8b465ee728b)  -> (artifact id: '890de4e8f62a80053741014e9fb6f946') in 0.050415 seconds
Number of updated asset objects reloaded before import = 0
Number of asset objects unloaded after import = 221
========================================================================
Received Import Request.
  Time since last request: 0.170601 seconds.
  path: Assets/Models/Zombies/Prefabs/SimpleZombies_Sherif_Grey.prefab
  artifactKey: Guid(d6d30a647b61fb248ac0dde3ce34400d) Importer(815301076,1909f56bfc062723c751e8b465ee728b)
Start importing Assets/Models/Zombies/Prefabs/SimpleZombies_Sherif_Grey.prefab using Guid(d6d30a647b61fb248ac0dde3ce34400d) Importer(815301076,1909f56bfc062723c751e8b465ee728b)  -> (artifact id: '3f80f232dfe5c85d2fbde4c89628b9f7') in 0.046106 seconds
Number of updated asset objects reloaded before import = 0
Number of asset objects unloaded after import = 221
========================================================================
Received Prepare
Refreshing native plugins compatible for Editor in 3.40 ms, found 3 plugins.
Preloading 0 native plugins for Editor in 0.00 ms.
Unloading 0 Unused Serialized files (Serialized files now loaded: 0)
Unloading 1 unused Assets / (0.8 KB). Loaded Objects now: 3554.
Memory consumption went from 73.6 MB to 73.6 MB.
Total: 5.460600 ms (FindLiveObjects: 0.438100 ms CreateObjectMapping: 0.113800 ms MarkObjects: 4.870500 ms  DeleteObjects: 0.036600 ms)

Prepare: number of updated asset objects reloaded= 0
AssetImportParameters requested are different than current active one (requested -> active):
  custom:container-demuxer-ogg: 62fdf1f143b41e24485cea50d1cbac27 -> 
  custom:video-codec-MediaFoundation-h265: 746d11721c4dcdbdad8f713fa42b33f4 -> 
  custom:video-decoder-ogg-theora: a1e56fd34408186e4bbccfd4996cb3dc -> 
  custom:framework-win-MediaFoundation: 216162199b28c13a410421893ffa2e32 -> 
  custom:CustomObjectIndexerAttribute: 756ad292c208cfabdd7b50bc23989ffe -> 
  custom:container-demuxer-webm: 4f35f7cbe854078d1ac9338744f61a02 -> 
  custom:container-muxer-webm: aa71ff27fc2769a1b78a27578f13a17b -> 
  custom:video-decoder-webm-vp8: 9c59270c3fd7afecdb556c50c9e8de78 -> 
  custom:SearchIndexIgnoredProperties: e643bd26f0fe6173181afceb89e7c659 -> 
  custom:AudioImporter_EditorPlatform: d09bf68614088b80899f8185d706f6e7 -> 
  custom:video-encoder-webm-vp8: eb34c28f22e8b96e1ab97ce403110664 -> 
  custom:audio-decoder-ogg-vorbis: bf7c407c2cedff20999df2af8eb42d56 -> 
  custom:audio-encoder-webm-vorbis: bf7c407c2cedff20999df2af8eb42d56 -> 
